[2016-05-29 13:48:19] local.ERROR: exception 'PDOException' with message 'SQLSTATE[28000] [1045] Access denied for user 'root'@'localhost' (using password: NO)' in /var/www/html/skpd-system-new/skpd-system/application/vendor/laravel/framework/src/Illuminate/Database/Connectors/Connector.php:55
Stack trace:
#0 /var/www/html/skpd-system-new/skpd-system/application/vendor/laravel/framework/src/Illuminate/Database/Connectors/Connector.php(55): PDO->__construct('mysql:host=127....', 'root', '', Array)
#1 /var/www/html/skpd-system-new/skpd-system/application/vendor/laravel/framework/src/Illuminate/Database/Connectors/MySqlConnector.php(24): Illuminate\Database\Connectors\Connector->createConnection('mysql:host=127....', Array, Array)
#2 /var/www/html/skpd-system-new/skpd-system/application/vendor/laravel/framework/src/Illuminate/Database/Connectors/ConnectionFactory.php(61): Illuminate\Database\Connectors\MySqlConnector->connect(Array)
#3 [internal function]: Illuminate\Database\Connectors\ConnectionFactory->Illuminate\Database\Connectors\{closure}()
#4 /var/www/html/skpd-system-new/skpd-system/application/vendor/laravel/framework/src/Illuminate/Database/Connection.php(868): call_user_func(Object(Closure))
#5 /var/www/html/skpd-system-new/skpd-system/application/vendor/laravel/framework/src/Illuminate/Database/Connection.php(736): Illuminate\Database\Connection->getPdo()
#6 /var/www/html/skpd-system-new/skpd-system/application/vendor/laravel/framework/src/Illuminate/Database/Connection.php(621): Illuminate\Database\Connection->reconnectIfMissingConnection()
#7 /var/www/html/skpd-system-new/skpd-system/application/vendor/laravel/framework/src/Illuminate/Database/Connection.php(342): Illuminate\Database\Connection->run('select * from `...', Array, Object(Closure))
#8 /var/www/html/skpd-system-new/skpd-system/application/vendor/laravel/framework/src/Illuminate/Database/Query/Builder.php(1508): Illuminate\Database\Connection->select('select * from `...', Array, true)
#9 /var/www/html/skpd-system-new/skpd-system/application/vendor/laravel/framework/src/Illuminate/Database/Query/Builder.php(1494): Illuminate\Database\Query\Builder->runSelect()
#10 /var/www/html/skpd-system-new/skpd-system/application/vendor/laravel/framework/src/Illuminate/Database/Eloquent/Builder.php(596): Illuminate\Database\Query\Builder->get(Array)
#11 /var/www/html/skpd-system-new/skpd-system/application/vendor/laravel/framework/src/Illuminate/Database/Eloquent/Builder.php(303): Illuminate\Database\Eloquent\Builder->getModels(Array)
#12 /var/www/html/skpd-system-new/skpd-system/application/vendor/laravel/framework/src/Illuminate/Database/Eloquent/Builder.php(273): Illuminate\Database\Eloquent\Builder->get(Array)
#13 /var/www/html/skpd-system-new/skpd-system/application/vendor/laravel/framework/src/Illuminate/Auth/EloquentUserProvider.php(104): Illuminate\Database\Eloquent\Builder->first()
#14 /var/www/html/skpd-system-new/skpd-system/application/vendor/laravel/framework/src/Illuminate/Auth/SessionGuard.php(353): Illuminate\Auth\EloquentUserProvider->retrieveByCredentials(Array)
#15 [internal function]: Illuminate\Auth\SessionGuard->attempt(Array)
#16 /var/www/html/skpd-system-new/skpd-system/application/vendor/laravel/framework/src/Illuminate/Auth/AuthManager.php(288): call_user_func_array(Array, Array)
#17 /var/www/html/skpd-system-new/skpd-system/application/vendor/laravel/framework/src/Illuminate/Support/Facades/Facade.php(218): Illuminate\Auth\AuthManager->__call('attempt', Array)
#18 /var/www/html/skpd-system-new/skpd-system/application/vendor/laravel/framework/src/Illuminate/Support/Facades/Facade.php(218): Illuminate\Auth\AuthManager->attempt(Array)
#19 /var/www/html/skpd-system-new/skpd-system/application/app/Http/Controllers/CustomAuthController.php(24): Illuminate\Support\Facades\Facade::__callStatic('attempt', Array)
#20 /var/www/html/skpd-system-new/skpd-system/application/app/Http/Controllers/CustomAuthController.php(24): Illuminate\Support\Facades\Auth::attempt(Array)
#21 [internal function]: App\Http\Controllers\CustomAuthController->loginprocess(Object(Illuminate\Http\Request))
#22 /var/www/html/skpd-system-new/skpd-system/application/vendor/laravel/framework/src/Illuminate/Routing/Controller.php(80): call_user_func_array(Array, Array)
#23 /var/www/html/skpd-system-new/skpd-system/application/vendor/laravel/framework/src/Illuminate/Routing/ControllerDispatcher.php(146): Illuminate\Routing\Controller->callAction('loginprocess', Array)
#24 /var/www/html/skpd-system-new/skpd-system/application/vendor/laravel/framework/src/Illuminate/Routing/ControllerDispatcher.php(94): Illuminate\Routing\ControllerDispatcher->call(Object(App\Http\Controllers\CustomAuthController), Object(Illuminate\Routing\Route), 'loginprocess')
#25 [internal function]: Illuminate\Routing\ControllerDispatcher->Illuminate\Routing\{closure}(Object(Illuminate\Http\Request))
#26 /var/www/html/skpd-system-new/skpd-system/application/vendor/laravel/framework/src/Illuminate/Routing/Pipeline.php(52): call_user_func(Object(Closure), Object(Illuminate\Http\Request))
#27 [internal function]: Illuminate\Routing\Pipeline->Illuminate\Routing\{closure}(Object(Illuminate\Http\Request))
#28 /var/www/html/skpd-system-new/skpd-system/application/vendor/laravel/framework/src/Illuminate/Pipeline/Pipeline.php(103): call_user_func(Object(Closure), Object(Illuminate\Http\Request))
#29 /var/www/html/skpd-system-new/skpd-system/application/vendor/laravel/framework/src/Illuminate/Routing/ControllerDispatcher.php(96): Illuminate\Pipeline\Pipeline->then(Object(Closure))
#30 /var/www/html/skpd-system-new/skpd-system/application/vendor/laravel/framework/src/Illuminate/Routing/ControllerDispatcher.php(54): Illuminate\Routing\ControllerDispatcher->callWithinStack(Object(App\Http\Controllers\CustomAuthController), Object(Illuminate\Routing\Route), Object(Illuminate\Http\Request), 'loginprocess')
#31 /var/www/html/skpd-system-new/skpd-system/application/vendor/laravel/framework/src/Illuminate/Routing/Route.php(174): Illuminate\Routing\ControllerDispatcher->dispatch(Object(Illuminate\Routing\Route), Object(Illuminate\Http\Request), 'App\Http\Contro...', 'loginprocess')
#32 /var/www/html/skpd-system-new/skpd-system/application/vendor/laravel/framework/src/Illuminate/Routing/Route.php(140): Illuminate\Routing\Route->runController(Object(Illuminate\Http\Request))
#33 /var/www/html/skpd-system-new/skpd-system/application/vendor/laravel/framework/src/Illuminate/Routing/Router.php(724): Illuminate\Routing\Route->run(Object(Illuminate\Http\Request))
#34 [internal function]: Illuminate\Routing\Router->Illuminate\Routing\{closure}(Object(Illuminate\Http\Request))
#35 /var/www/html/skpd-system-new/skpd-system/application/vendor/laravel/framework/src/Illuminate/Routing/Pipeline.php(52): call_user_func(Object(Closure), Object(Illuminate\Http\Request))
#36 /var/www/html/skpd-system-new/skpd-system/application/vendor/laravel/framework/src/Illuminate/Foundation/Http/Middleware/VerifyCsrfToken.php(64): Illuminate\Routing\Pipeline->Illuminate\Routing\{closure}(Object(Illuminate\Http\Request))
#37 [internal function]: Illuminate\Foundation\Http\Middleware\VerifyCsrfToken->handle(Object(Illuminate\Http\Request), Object(Closure))
#38 /var/www/html/skpd-system-new/skpd-system/application/vendor/laravel/framework/src/Illuminate/Pipeline/Pipeline.php(124): call_user_func_array(Array, Array)
#39 [internal function]: Illuminate\Pipeline\Pipeline->Illuminate\Pipeline\{closure}(Object(Illuminate\Http\Request))
#40 /var/www/html/skpd-system-new/skpd-system/application/vendor/laravel/framework/src/Illuminate/Routing/Pipeline.php(32): call_user_func(Object(Closure), Object(Illuminate\Http\Request))
#41 /var/www/html/skpd-system-new/skpd-system/application/vendor/laravel/framework/src/Illuminate/View/Middleware/ShareErrorsFromSession.php(49): Illuminate\Routing\Pipeline->Illuminate\Routing\{closure}(Object(Illuminate\Http\Request))
#42 [internal function]: Illuminate\View\Middleware\ShareErrorsFromSession->handle(Object(Illuminate\Http\Request), Object(Closure))
#43 /var/www/html/skpd-system-new/skpd-system/application/vendor/laravel/framework/src/Illuminate/Pipeline/Pipeline.php(124): call_user_func_array(Array, Array)
#44 [internal function]: Illuminate\Pipeline\Pipeline->Illuminate\Pipeline\{closure}(Object(Illuminate\Http\Request))
#45 /var/www/html/skpd-system-new/skpd-system/application/vendor/laravel/framework/src/Illuminate/Routing/Pipeline.php(32): call_user_func(Object(Closure), Object(Illuminate\Http\Request))
#46 /var/www/html/skpd-system-new/skpd-system/application/vendor/laravel/framework/src/Illuminate/Session/Middleware/StartSession.php(62): Illuminate\Routing\Pipeline->Illuminate\Routing\{closure}(Object(Illuminate\Http\Request))
#47 [internal function]: Illuminate\Session\Middleware\StartSession->handle(Object(Illuminate\Http\Request), Object(Closure))
#48 /var/www/html/skpd-system-new/skpd-system/application/vendor/laravel/framework/src/Illuminate/Pipeline/Pipeline.php(124): call_user_func_array(Array, Array)
#49 [internal function]: Illuminate\Pipeline\Pipeline->Illuminate\Pipeline\{closure}(Object(Illuminate\Http\Request))
#50 /var/www/html/skpd-system-new/skpd-system/application/vendor/laravel/framework/src/Illuminate/Routing/Pipeline.php(32): call_user_func(Object(Closure), Object(Illuminate\Http\Request))
#51 /var/www/html/skpd-system-new/skpd-system/application/vendor/laravel/framework/src/Illuminate/Cookie/Middleware/AddQueuedCookiesToResponse.php(37): Illuminate\Routing\Pipeline->Illuminate\Routing\{closure}(Object(Illuminate\Http\Request))
#52 [internal function]: Illuminate\Cookie\Middleware\AddQueuedCookiesToResponse->handle(Object(Illuminate\Http\Request), Object(Closure))
#53 /var/www/html/skpd-system-new/skpd-system/application/vendor/laravel/framework/src/Illuminate/Pipeline/Pipeline.php(124): call_user_func_array(Array, Array)
#54 [internal function]: Illuminate\Pipeline\Pipeline->Illuminate\Pipeline\{closure}(Object(Illuminate\Http\Request))
#55 /var/www/html/skpd-system-new/skpd-system/application/vendor/laravel/framework/src/Illuminate/Routing/Pipeline.php(32): call_user_func(Object(Closure), Object(Illuminate\Http\Request))
#56 /var/www/html/skpd-system-new/skpd-system/application/vendor/laravel/framework/src/Illuminate/Cookie/Middleware/EncryptCookies.php(59): Illuminate\Routing\Pipeline->Illuminate\Routing\{closure}(Object(Illuminate\Http\Request))
#57 [internal function]: Illuminate\Cookie\Middleware\EncryptCookies->handle(Object(Illuminate\Http\Request), Object(Closure))
#58 /var/www/html/skpd-system-new/skpd-system/application/vendor/laravel/framework/src/Illuminate/Pipeline/Pipeline.php(124): call_user_func_array(Array, Array)
#59 [internal function]: Illuminate\Pipeline\Pipeline->Illuminate\Pipeline\{closure}(Object(Illuminate\Http\Request))
#60 /var/www/html/skpd-system-new/skpd-system/application/vendor/laravel/framework/src/Illuminate/Routing/Pipeline.php(32): call_user_func(Object(Closure), Object(Illuminate\Http\Request))
#61 [internal function]: Illuminate\Routing\Pipeline->Illuminate\Routing\{closure}(Object(Illuminate\Http\Request))
#62 /var/www/html/skpd-system-new/skpd-system/application/vendor/laravel/framework/src/Illuminate/Pipeline/Pipeline.php(103): call_user_func(Object(Closure), Object(Illuminate\Http\Request))
#63 /var/www/html/skpd-system-new/skpd-system/application/vendor/laravel/framework/src/Illuminate/Routing/Router.php(726): Illuminate\Pipeline\Pipeline->then(Object(Closure))
#64 /var/www/html/skpd-system-new/skpd-system/application/vendor/laravel/framework/src/Illuminate/Routing/Router.php(699): Illuminate\Routing\Router->runRouteWithinStack(Object(Illuminate\Routing\Route), Object(Illuminate\Http\Request))
#65 /var/www/html/skpd-system-new/skpd-system/application/vendor/laravel/framework/src/Illuminate/Routing/Router.php(675): Illuminate\Routing\Router->dispatchToRoute(Object(Illuminate\Http\Request))
#66 /var/www/html/skpd-system-new/skpd-system/application/vendor/laravel/framework/src/Illuminate/Foundation/Http/Kernel.php(246): Illuminate\Routing\Router->dispatch(Object(Illuminate\Http\Request))
#67 [internal function]: Illuminate\Foundation\Http\Kernel->Illuminate\Foundation\Http\{closure}(Object(Illuminate\Http\Request))
#68 /var/www/html/skpd-system-new/skpd-system/application/vendor/laravel/framework/src/Illuminate/Routing/Pipeline.php(52): call_user_func(Object(Closure), Object(Illuminate\Http\Request))
#69 /var/www/html/skpd-system-new/skpd-system/application/vendor/laravel/framework/src/Illuminate/Foundation/Http/Middleware/CheckForMaintenanceMode.php(44): Illuminate\Routing\Pipeline->Illuminate\Routing\{closure}(Object(Illuminate\Http\Request))
#70 [internal function]: Illuminate\Foundation\Http\Middleware\CheckForMaintenanceMode->handle(Object(Illuminate\Http\Request), Object(Closure))
#71 /var/www/html/skpd-system-new/skpd-system/application/vendor/laravel/framework/src/Illuminate/Pipeline/Pipeline.php(124): call_user_func_array(Array, Array)
#72 [internal function]: Illuminate\Pipeline\Pipeline->Illuminate\Pipeline\{closure}(Object(Illuminate\Http\Request))
#73 /var/www/html/skpd-system-new/skpd-system/application/vendor/laravel/framework/src/Illuminate/Routing/Pipeline.php(32): call_user_func(Object(Closure), Object(Illuminate\Http\Request))
#74 [internal function]: Illuminate\Routing\Pipeline->Illuminate\Routing\{closure}(Object(Illuminate\Http\Request))
#75 /var/www/html/skpd-system-new/skpd-system/application/vendor/laravel/framework/src/Illuminate/Pipeline/Pipeline.php(103): call_user_func(Object(Closure), Object(Illuminate\Http\Request))
#76 /var/www/html/skpd-system-new/skpd-system/application/vendor/laravel/framework/src/Illuminate/Foundation/Http/Kernel.php(132): Illuminate\Pipeline\Pipeline->then(Object(Closure))
#77 /var/www/html/skpd-system-new/skpd-system/application/vendor/laravel/framework/src/Illuminate/Foundation/Http/Kernel.php(99): Illuminate\Foundation\Http\Kernel->sendRequestThroughRouter(Object(Illuminate\Http\Request))
#78 /var/www/html/skpd-system-new/skpd-system/index.php(54): Illuminate\Foundation\Http\Kernel->handle(Object(Illuminate\Http\Request))
#79 {main}  
